<?xml version="1.0" encoding="UTF-8"?>
<!-- Generated by org.testng.reporters.JUnitReportReporter -->
<testsuite hostname="DESKTOP-OTPBCG2" failures="0" tests="3" name="mobilfuns.a_chat.creategroup" time="6.986" errors="0" timestamp="2020-06-27T12:56:42 IST" skipped="2">
  <testcase classname="mobilfuns.a_chat.creategroup" name="exit_group" time="6.986"/>
  <system-out/>
  <testcase classname="mobilfuns.a_chat.creategroup" name="create_group">
    <skipped/>
  </testcase> <!-- create_group -->
  <system-out/>
  <testcase classname="mobilfuns.a_chat.creategroup" name="delete_group">
    <skipped/>
  </testcase> <!-- delete_group -->
  <system-out/>
</testsuite> <!-- mobilfuns.a_chat.creategroup -->
