<?xml version="1.0" encoding="UTF-8"?>
<!-- Generated by org.testng.reporters.JUnitReportReporter -->
<testsuite hostname="DESKTOP-OTPBCG2" failures="0" tests="9" name="mobilfuns.a_chat.groupchat" time="86.579" errors="0" timestamp="2020-06-29T12:25:04 IST" skipped="0">
  <testcase classname="mobilfuns.a_chat.groupchat" name="sendtxt" time="4.646"/>
  <system-out/>
  <testcase classname="mobilfuns.a_chat.groupchat" name="send_imges" time="12.626"/>
  <system-out/>
  <testcase classname="mobilfuns.a_chat.groupchat" name="send_documents" time="6.757"/>
  <system-out/>
  <testcase classname="mobilfuns.a_chat.groupchat" name="send_videos" time="11.953"/>
  <system-out/>
  <testcase classname="mobilfuns.a_chat.groupchat" name="send_audios" time="6.608"/>
  <system-out/>
  <testcase classname="mobilfuns.a_chat.groupchat" name="send_currentlocation" time="10.242"/>
  <system-out/>
  <testcase classname="mobilfuns.a_chat.groupchat" name="send_differentlocation" time="10.919"/>
  <system-out/>
  <testcase classname="mobilfuns.a_chat.groupchat" name="send_cameraphoto" time="16.030"/>
  <system-out/>
  <testcase classname="mobilfuns.a_chat.groupchat" name="record_audio" time="6.798"/>
  <system-out/>
</testsuite> <!-- mobilfuns.a_chat.groupchat -->
