<?xml version="1.0" encoding="UTF-8"?>
<!-- Generated by org.testng.reporters.JUnitReportReporter -->
<testsuite hostname="DESKTOP-OTPBCG2" failures="0" tests="1" name="mobilfuns.a_chat.videocall" time="4.963" errors="0" timestamp="2020-06-18T11:21:24 IST" skipped="0">
  <testcase classname="mobilfuns.a_chat.videocall" name="video_call" time="4.963"/>
  <system-out/>
</testsuite> <!-- mobilfuns.a_chat.videocall -->
