<?xml version="1.0" encoding="UTF-8"?>
<!-- Generated by org.testng.reporters.JUnitReportReporter -->
<testsuite hostname="DESKTOP-OTPBCG2" failures="0" tests="1" name="mobilfuns.a_chat.recordaudio" time="5.924" errors="0" timestamp="2020-06-18T11:21:24 IST" skipped="0">
  <testcase classname="mobilfuns.a_chat.recordaudio" name="record_audio" time="5.924"/>
  <system-out/>
</testsuite> <!-- mobilfuns.a_chat.recordaudio -->
