<?xml version="1.0" encoding="UTF-8"?>
<!-- Generated by org.testng.reporters.JUnitReportReporter -->
<testsuite hostname="DESKTOP-OTPBCG2" failures="0" tests="1" name="mobilfuns.a_chat.starredmessage" time="22.149" errors="0" timestamp="2020-06-24T10:26:22 IST" skipped="0">
  <testcase classname="mobilfuns.a_chat.starredmessage" name="verify_starredmsg" time="22.149"/>
  <system-out/>
</testsuite> <!-- mobilfuns.a_chat.starredmessage -->
