<?xml version="1.0" encoding="UTF-8"?>
<!-- Generated by org.testng.reporters.JUnitReportReporter -->
<testsuite hostname="DESKTOP-OTPBCG2" failures="0" tests="4" name="mobilfuns.a_chat.chatpage" time="21.269" errors="0" timestamp="2020-06-23T11:02:05 IST" skipped="3">
  <testcase classname="mobilfuns.a_chat.chatpage" name="verify_mediadoc" time="21.269"/>
  <system-out/>
  <testcase classname="mobilfuns.a_chat.chatpage" name="callslist">
    <skipped/>
  </testcase> <!-- callslist -->
  <system-out/>
  <testcase classname="mobilfuns.a_chat.chatpage" name="chatlist">
    <skipped/>
  </testcase> <!-- chatlist -->
  <system-out/>
  <testcase classname="mobilfuns.a_chat.chatpage" name="contactslist">
    <skipped/>
  </testcase> <!-- contactslist -->
  <system-out/>
</testsuite> <!-- mobilfuns.a_chat.chatpage -->
