<?xml version="1.0" encoding="UTF-8"?>
<!-- Generated by org.testng.reporters.JUnitReportReporter -->
<testsuite hostname="DESKTOP-OTPBCG2" failures="0" tests="1" name="mobilfuns.a_chat.pinenterpage" time="3.777" errors="1" timestamp="2020-06-18T15:41:04 IST" skipped="0">
  <testcase classname="mobilfuns.a_chat.pinenterpage" name="pinenter" time="3.777">
    <error message="No alert is present on the screen
Build info: version: &#039;3.141.59&#039;, revision: &#039;e82be7d358&#039;, time: &#039;2018-11-14T08:17:03&#039;
System info: host: &#039;DESKTOP-OTPBCG2&#039;, ip: &#039;192.168.29.160&#039;, os.name: &#039;Windows 10&#039;, os.arch: &#039;amd64&#039;, os.version: &#039;10.0&#039;, java.version: &#039;14.0.1&#039;
Driver info: io.appium.java_client.android.AndroidDriver
Capabilities {appActivity: com.chatapp.android.app.Pin..., appPackage: com.chatapp.android, automationName: uiautomator2, databaseEnabled: false, desired: {appActivity: com.chatapp.android.app.Pin..., appPackage: com.chatapp.android, automationName: uiautomator2, deviceName: RZ8M40PMK4K, ignoreUnimportantViews: true, newCommandTimeout: 4000, noReset: true, platformName: android, skipDeviceInitialization: true, skipServerInstallation: true}, deviceApiLevel: 29, deviceManufacturer: samsung, deviceModel: SM-A205F, deviceName: RZ8M40PMK4K, deviceScreenDensity: 280, deviceScreenSize: 720x1560, deviceUDID: RZ8M40PMK4K, ignoreUnimportantViews: true, javascriptEnabled: true, locationContextEnabled: false, networkConnectionEnabled: true, newCommandTimeout: 4000, noReset: true, pixelRatio: 1.75, platform: LINUX, platformName: android, platformVersion: 10, skipDeviceInitialization: true, skipServerInstallation: true, statBarHeight: 53, takesScreenshot: true, viewportRect: {height: 1370, left: 0, top: 53, width: 720}, warnings: {}, webStorageEnabled: false}
Session ID: 53605339-0a2e-4983-917c-68b8075a5a93" type="org.openqa.selenium.NoAlertPresentException">
      <![CDATA[org.openqa.selenium.NoAlertPresentException: No alert is present on the screen
Build info: version: '3.141.59', revision: 'e82be7d358', time: '2018-11-14T08:17:03'
System info: host: 'DESKTOP-OTPBCG2', ip: '192.168.29.160', os.name: 'Windows 10', os.arch: 'amd64', os.version: '10.0', java.version: '14.0.1'
Driver info: io.appium.java_client.android.AndroidDriver
Capabilities {appActivity: com.chatapp.android.app.Pin..., appPackage: com.chatapp.android, automationName: uiautomator2, databaseEnabled: false, desired: {appActivity: com.chatapp.android.app.Pin..., appPackage: com.chatapp.android, automationName: uiautomator2, deviceName: RZ8M40PMK4K, ignoreUnimportantViews: true, newCommandTimeout: 4000, noReset: true, platformName: android, skipDeviceInitialization: true, skipServerInstallation: true}, deviceApiLevel: 29, deviceManufacturer: samsung, deviceModel: SM-A205F, deviceName: RZ8M40PMK4K, deviceScreenDensity: 280, deviceScreenSize: 720x1560, deviceUDID: RZ8M40PMK4K, ignoreUnimportantViews: true, javascriptEnabled: true, locationContextEnabled: false, networkConnectionEnabled: true, newCommandTimeout: 4000, noReset: true, pixelRatio: 1.75, platform: LINUX, platformName: android, platformVersion: 10, skipDeviceInitialization: true, skipServerInstallation: true, statBarHeight: 53, takesScreenshot: true, viewportRect: {height: 1370, left: 0, top: 53, width: 720}, warnings: {}, webStorageEnabled: false}
Session ID: 53605339-0a2e-4983-917c-68b8075a5a93
at java.base/jdk.internal.reflect.NativeConstructorAccessorImpl.newInstance0(Native Method)
at java.base/jdk.internal.reflect.NativeConstructorAccessorImpl.newInstance(NativeConstructorAccessorImpl.java:62)
at java.base/jdk.internal.reflect.DelegatingConstructorAccessorImpl.newInstance(DelegatingConstructorAccessorImpl.java:45)
at java.base/java.lang.reflect.Constructor.newInstanceWithCaller(Constructor.java:500)
at java.base/java.lang.reflect.Constructor.newInstance(Constructor.java:481)
at org.openqa.selenium.remote.http.W3CHttpResponseCodec.createException(W3CHttpResponseCodec.java:187)
at org.openqa.selenium.remote.http.W3CHttpResponseCodec.decode(W3CHttpResponseCodec.java:122)
at org.openqa.selenium.remote.http.W3CHttpResponseCodec.decode(W3CHttpResponseCodec.java:49)
at org.openqa.selenium.remote.HttpCommandExecutor.execute(HttpCommandExecutor.java:158)
at io.appium.java_client.remote.AppiumCommandExecutor.execute(AppiumCommandExecutor.java:239)
at org.openqa.selenium.remote.RemoteWebDriver.execute(RemoteWebDriver.java:552)
at io.appium.java_client.DefaultGenericMobileDriver.execute(DefaultGenericMobileDriver.java:45)
at io.appium.java_client.AppiumDriver.execute(AppiumDriver.java:1)
at io.appium.java_client.android.AndroidDriver.execute(AndroidDriver.java:1)
at org.openqa.selenium.remote.RemoteWebDriver$RemoteTargetLocator.alert(RemoteWebDriver.java:932)
at mobilfuns.a_chat.pinenterpage.pinenter(pinenterpage.java:44)
at java.base/jdk.internal.reflect.NativeMethodAccessorImpl.invoke0(Native Method)
at java.base/jdk.internal.reflect.NativeMethodAccessorImpl.invoke(NativeMethodAccessorImpl.java:62)
at java.base/jdk.internal.reflect.DelegatingMethodAccessorImpl.invoke(DelegatingMethodAccessorImpl.java:43)
at java.base/java.lang.reflect.Method.invoke(Method.java:564)
at org.testng.internal.MethodInvocationHelper.invokeMethod(MethodInvocationHelper.java:135)
at org.testng.internal.TestInvoker.invokeMethod(TestInvoker.java:598)
at org.testng.internal.TestInvoker.invokeTestMethod(TestInvoker.java:174)
at org.testng.internal.MethodRunner.runInSequence(MethodRunner.java:46)
at org.testng.internal.TestInvoker$MethodInvocationAgent.invoke(TestInvoker.java:821)
at org.testng.internal.TestInvoker.invokeTestMethods(TestInvoker.java:147)
at org.testng.internal.TestMethodWorker.invokeTestMethods(TestMethodWorker.java:146)
at org.testng.internal.TestMethodWorker.run(TestMethodWorker.java:128)
at java.base/java.util.ArrayList.forEach(ArrayList.java:1510)
at org.testng.TestRunner.privateRun(TestRunner.java:767)
at org.testng.TestRunner.run(TestRunner.java:588)
at org.testng.SuiteRunner.runTest(SuiteRunner.java:384)
at org.testng.SuiteRunner.runSequentially(SuiteRunner.java:378)
at org.testng.SuiteRunner.privateRun(SuiteRunner.java:337)
at org.testng.SuiteRunner.run(SuiteRunner.java:286)
at org.testng.SuiteRunnerWorker.runSuite(SuiteRunnerWorker.java:53)
at org.testng.SuiteRunnerWorker.run(SuiteRunnerWorker.java:96)
at org.testng.TestNG.runSuitesSequentially(TestNG.java:1214)
at org.testng.TestNG.runSuitesLocally(TestNG.java:1136)
at org.testng.TestNG.runSuites(TestNG.java:1066)
at org.testng.TestNG.run(TestNG.java:1034)
at org.testng.remote.AbstractRemoteTestNG.run(AbstractRemoteTestNG.java:115)
at org.testng.remote.RemoteTestNG.initAndRun(RemoteTestNG.java:251)
at org.testng.remote.RemoteTestNG.main(RemoteTestNG.java:77)
]]>
    </error>
  </testcase> <!-- pinenter -->
  <system-out/>
</testsuite> <!-- mobilfuns.a_chat.pinenterpage -->
