<?xml version="1.0" encoding="UTF-8"?>
<!-- Generated by org.testng.reporters.JUnitReportReporter -->
<testsuite hostname="DESKTOP-OTPBCG2" failures="0" tests="2" name="mobilfuns.a_chat.sendlivelocation" time="23.608" errors="0" timestamp="2020-06-18T16:28:27 IST" skipped="0">
  <testcase classname="mobilfuns.a_chat.sendlivelocation" name="send_currentlocation" time="9.543"/>
  <system-out/>
  <testcase classname="mobilfuns.a_chat.sendlivelocation" name="send_differentlocation" time="14.065"/>
  <system-out/>
</testsuite> <!-- mobilfuns.a_chat.sendlivelocation -->
