<?xml version="1.0" encoding="UTF-8"?>
<!-- Generated by org.testng.reporters.JUnitReportReporter -->
<testsuite hostname="DESKTOP-OTPBCG2" failures="0" tests="1" name="mobilfuns.a_chat.deletechat" time="7.884" errors="0" timestamp="2020-06-25T17:15:36 IST" skipped="0">
  <testcase classname="mobilfuns.a_chat.deletechat" name="deletchat" time="7.884"/>
  <system-out/>
</testsuite> <!-- mobilfuns.a_chat.deletechat -->
