<?xml version="1.0" encoding="UTF-8"?>
<!-- Generated by org.testng.reporters.JUnitReportReporter -->
<testsuite hostname="DESKTOP-OTPBCG2" failures="0" tests="10" name="mobilfuns.a_chat.individualchat" time="113.010" errors="0" timestamp="2020-07-07T10:33:06 IST" skipped="0">
  <testcase classname="mobilfuns.a_chat.individualchat" name="sendtxt" time="3.556"/>
  <system-out/>
  <testcase classname="mobilfuns.a_chat.individualchat" name="timermsg" time="6.587"/>
  <system-out/>
  <testcase classname="mobilfuns.a_chat.individualchat" name="send_imges" time="14.483"/>
  <system-out/>
  <testcase classname="mobilfuns.a_chat.individualchat" name="send_documents" time="7.539"/>
  <system-out/>
  <testcase classname="mobilfuns.a_chat.individualchat" name="send_videos" time="13.390"/>
  <system-out/>
  <testcase classname="mobilfuns.a_chat.individualchat" name="send_audios" time="12.197"/>
  <system-out/>
  <testcase classname="mobilfuns.a_chat.individualchat" name="send_currentlocation" time="18.350"/>
  <system-out/>
  <testcase classname="mobilfuns.a_chat.individualchat" name="send_differentlocation" time="13.022"/>
  <system-out/>
  <testcase classname="mobilfuns.a_chat.individualchat" name="send_cameraphoto" time="16.163"/>
  <system-out/>
  <testcase classname="mobilfuns.a_chat.individualchat" name="record_audio" time="7.723"/>
  <system-out/>
</testsuite> <!-- mobilfuns.a_chat.individualchat -->
