<?xml version="1.0" encoding="UTF-8"?>
<!-- Generated by org.testng.reporters.JUnitReportReporter -->
<testsuite hostname="DESKTOP-OTPBCG2" failures="0" tests="7" name="mobilfuns.a_chat.fwdmessage" time="13.211" errors="0" timestamp="2020-06-24T12:55:56 IST" skipped="6">
  <testcase classname="mobilfuns.a_chat.fwdmessage" name="addfavourite" time="13.211"/>
  <system-out/>
  <testcase classname="mobilfuns.a_chat.fwdmessage" name="deletemsg">
    <skipped/>
  </testcase> <!-- deletemsg -->
  <system-out/>
  <testcase classname="mobilfuns.a_chat.fwdmessage" name="send_fwdmsg">
    <skipped/>
  </testcase> <!-- send_fwdmsg -->
  <system-out/>
  <testcase classname="mobilfuns.a_chat.fwdmessage" name="send_replymsg">
    <skipped/>
  </testcase> <!-- send_replymsg -->
  <system-out/>
  <testcase classname="mobilfuns.a_chat.fwdmessage" name="Mutechat">
    <skipped/>
  </testcase> <!-- Mutechat -->
  <system-out/>
  <testcase classname="mobilfuns.a_chat.fwdmessage" name="clearchat">
    <skipped/>
  </testcase> <!-- clearchat -->
  <system-out/>
  <testcase classname="mobilfuns.a_chat.fwdmessage" name="blockcontact">
    <skipped/>
  </testcase> <!-- blockcontact -->
  <system-out/>
</testsuite> <!-- mobilfuns.a_chat.fwdmessage -->
